# JRE version: OpenJDK Runtime Environment (23.0+37) (build 23+37-2369)
# Java VM: OpenJDK 64-Bit Server VM (23+37-2369, mixed mode, sharing, tiered, compressed oops, compressed class ptrs, g1 gc, windows-amd64)
GC Precious Log:
 CardTable entry size: 512
 Card Set container configuration: InlinePtr #cards 4 size 8 Array Of Cards #cards 16 size 48 Howl #buckets 8 coarsen threshold 3686 Howl Bitmap #cards 512 size 80 coarsen threshold 460 Card regions per heap region 1 cards per card region 4096
 CPUs: 12 total, 12 available
 Memory: 16122M
 Large Page Support: Disabled
 NUMA Support: Disabled
 Compressed Oops: Enabled (Zero based)
 Heap Region Size: 2M
 Heap Min Capacity: 8M
 Heap Initial Capacity: 252M
 Heap Max Capacity: 4032M
 Pre-touch: Disabled
 Parallel Workers: 10
 Concurrent Workers: 3
 Concurrent Refinement Workers: 10
 Periodic GC: Disabled
Heap:
 garbage-first heap   total reserved 4128768K, committed 143360K, used 118290K [0x0000000704000000, 0x0000000800000000)
  region size 2048K, 23 young (47104K), 1 survivors (2048K)
 Metaspace       used 24908K, committed 25408K, reserved 1114112K
  class space    used 3555K, committed 3776K, reserved 1048576K
GC Heap History (20 events):
Event: 13.326 GC heap before
{Heap before GC invocations=21 (full 0):
 garbage-first heap   total reserved 4128768K, committed 141312K, used 127286K [0x0000000704000000, 0x0000000800000000)
  region size 2048K, 22 young (45056K), 1 survivors (2048K)
 Metaspace       used 24893K, committed 25344K, reserved 1114112K
  class space    used 3553K, committed 3776K, reserved 1048576K
}
Event: 13.328 GC heap after
{Heap after GC invocations=22 (full 0):
 garbage-first heap   total reserved 4128768K, committed 141312K, used 84025K [0x0000000704000000, 0x0000000800000000)
  region size 2048K, 1 young (2048K), 1 survivors (2048K)
 Metaspace       used 24893K, committed 25344K, reserved 1114112K
  class space    used 3553K, committed 3776K, reserved 1048576K
}
Event: 13.519 GC heap before
{Heap before GC invocations=23 (full 0):
 garbage-first heap   total reserved 4128768K, committed 143360K, used 129081K [0x0000000704000000, 0x0000000800000000)
  region size 2048K, 23 young (47104K), 1 survivors (2048K)
 Metaspace       used 24893K, committed 25344K, reserved 1114112K
  class space    used 3553K, committed 3776K, reserved 1048576K
}
Event: 13.520 GC heap after
{Heap after GC invocations=24 (full 0):
 garbage-first heap   total reserved 4128768K, committed 143360K, used 84033K [0x0000000704000000, 0x0000000800000000)
  region size 2048K, 1 young (2048K), 1 survivors (2048K)
 Metaspace       used 24893K, committed 25344K, reserved 1114112K
  class space    used 3553K, committed 3776K, reserved 1048576K
}
Event: 13.711 GC heap before
{Heap before GC invocations=24 (full 0):
 garbage-first heap   total reserved 4128768K, committed 143360K, used 131137K [0x0000000704000000, 0x0000000800000000)
  region size 2048K, 24 young (49152K), 1 survivors (2048K)
 Metaspace       used 24895K, committed 25344K, reserved 1114112K
  class space    used 3553K, committed 3776K, reserved 1048576K
}
Event: 13.712 GC heap after
{Heap after GC invocations=25 (full 0):
 garbage-first heap   total reserved 4128768K, committed 143360K, used 82380K [0x0000000704000000, 0x0000000800000000)
  region size 2048K, 1 young (2048K), 1 survivors (2048K)
 Metaspace       used 24895K, committed 25344K, reserved 1114112K
  class space    used 3553K, committed 3776K, reserved 1048576K
}
Event: 13.905 GC heap before
{Heap before GC invocations=25 (full 0):
 garbage-first heap   total reserved 4128768K, committed 143360K, used 129484K [0x0000000704000000, 0x0000000800000000)
  region size 2048K, 24 young (49152K), 1 survivors (2048K)
 Metaspace       used 24898K, committed 25408K, reserved 1114112K
  class space    used 3553K, committed 3776K, reserved 1048576K
}
Event: 13.906 GC heap after
{Heap after GC invocations=26 (full 0):
 garbage-first heap   total reserved 4128768K, committed 143360K, used 82317K [0x0000000704000000, 0x0000000800000000)
  region size 2048K, 1 young (2048K), 1 survivors (2048K)
 Metaspace       used 24898K, committed 25408K, reserved 1114112K
  class space    used 3553K, committed 3776K, reserved 1048576K
}
Event: 14.095 GC heap before
{Heap before GC invocations=27 (full 0):
 garbage-first heap   total reserved 4128768K, committed 143360K, used 127373K [0x0000000704000000, 0x0000000800000000)
  region size 2048K, 24 young (49152K), 1 survivors (2048K)
 Metaspace       used 24898K, committed 25408K, reserved 1114112K
  class space    used 3553K, committed 3776K, reserved 1048576K
}
Event: 14.096 GC heap after
{Heap after GC invocations=28 (full 0):
 garbage-first heap   total reserved 4128768K, committed 143360K, used 80318K [0x0000000704000000, 0x0000000800000000)
  region size 2048K, 1 young (2048K), 1 survivors (2048K)
 Metaspace       used 24898K, committed 25408K, reserved 1114112K
  class space    used 3553K, committed 3776K, reserved 1048576K
}
Event: 14.286 GC heap before
{Heap before GC invocations=28 (full 0):
 garbage-first heap   total reserved 4128768K, committed 143360K, used 129470K [0x0000000704000000, 0x0000000800000000)
  region size 2048K, 25 young (51200K), 1 survivors (2048K)
 Metaspace       used 24898K, committed 25408K, reserved 1114112K
  class space    used 3553K, committed 3776K, reserved 1048576K
}
Event: 14.287 GC heap after
{Heap after GC invocations=29 (full 0):
 garbage-first heap   total reserved 4128768K, committed 143360K, used 79204K [0x0000000704000000, 0x0000000800000000)
  region size 2048K, 1 young (2048K), 1 survivors (2048K)
 Metaspace       used 24898K, committed 25408K, reserved 1114112K
  class space    used 3553K, committed 3776K, reserved 1048576K
}
Event: 14.534 GC heap before
{Heap before GC invocations=29 (full 0):
 garbage-first heap   total reserved 4128768K, committed 143360K, used 130404K [0x0000000704000000, 0x0000000800000000)
  region size 2048K, 26 young (53248K), 1 survivors (2048K)
 Metaspace       used 24898K, committed 25408K, reserved 1114112K
  class space    used 3553K, committed 3776K, reserved 1048576K
}
Event: 14.536 GC heap after
{Heap after GC invocations=30 (full 0):
 garbage-first heap   total reserved 4128768K, committed 143360K, used 79209K [0x0000000704000000, 0x0000000800000000)
  region size 2048K, 1 young (2048K), 1 survivors (2048K)
 Metaspace       used 24898K, committed 25408K, reserved 1114112K
  class space    used 3553K, committed 3776K, reserved 1048576K
}
Event: 14.785 GC heap before
{Heap before GC invocations=31 (full 0):
 garbage-first heap   total reserved 4128768K, committed 143360K, used 126313K [0x0000000704000000, 0x0000000800000000)
  region size 2048K, 26 young (53248K), 1 survivors (2048K)
 Metaspace       used 24898K, committed 25408K, reserved 1114112K
  class space    used 3553K, committed 3776K, reserved 1048576K
}
Event: 14.786 GC heap after
{Heap after GC invocations=32 (full 0):
 garbage-first heap   total reserved 4128768K, committed 143360K, used 77269K [0x0000000704000000, 0x0000000800000000)
  region size 2048K, 1 young (2048K), 1 survivors (2048K)
 Metaspace       used 24898K, committed 25408K, reserved 1114112K
  class space    used 3553K, committed 3776K, reserved 1048576K
}
Event: 15.002 GC heap before
{Heap before GC invocations=32 (full 0):
 garbage-first heap   total reserved 4128768K, committed 143360K, used 130517K [0x0000000704000000, 0x0000000800000000)
  region size 2048K, 27 young (55296K), 1 survivors (2048K)
 Metaspace       used 24901K, committed 25408K, reserved 1114112K
  class space    used 3553K, committed 3776K, reserved 1048576K
}
Event: 15.003 GC heap after
{Heap after GC invocations=33 (full 0):
 garbage-first heap   total reserved 4128768K, committed 143360K, used 75273K [0x0000000704000000, 0x0000000800000000)
  region size 2048K, 1 young (2048K), 1 survivors (2048K)
 Metaspace       used 24901K, committed 25408K, reserved 1114112K
  class space    used 3553K, committed 3776K, reserved 1048576K
}
Event: 15.214 GC heap before
{Heap before GC invocations=33 (full 0):
 garbage-first heap   total reserved 4128768K, committed 143360K, used 130569K [0x0000000704000000, 0x0000000800000000)
  region size 2048K, 28 young (57344K), 1 survivors (2048K)
 Metaspace       used 24901K, committed 25408K, reserved 1114112K
  class space    used 3553K, committed 3776K, reserved 1048576K
}
Event: 15.216 GC heap after
{Heap after GC invocations=34 (full 0):
 garbage-first heap   total reserved 4128768K, committed 143360K, used 75282K [0x0000000704000000, 0x0000000800000000)
  region size 2048K, 1 young (2048K), 1 survivors (2048K)
 Metaspace       used 24901K, committed 25408K, reserved 1114112K
  class space    used 3553K, committed 3776K, reserved 1048576K
}

